[2025-06-08 13:30:18 +0000] [1] [INFO] Starting gunicorn 23.0.0
[2025-06-08 13:30:18 +0000] [1] [INFO] Listening at: http://0.0.0.0:8000 (1)
[2025-06-08 13:30:18 +0000] [1] [INFO] Using worker: uvicorn.workers.UvicornWorker
[2025-06-08 13:30:18 +0000] [9] [INFO] Booting worker with pid: 9
[2025-06-08 13:30:18 +0000] [10] [INFO] Booting worker with pid: 10
[2025-06-08 13:30:18 +0000] [10] [ERROR] Exception in worker process
Traceback (most recent call last):
  File "/usr/local/lib/python3.9/site-packages/gunicorn/arbiter.py", line 608, in spawn_worker
    worker.init_process()
  File "/usr/local/lib/python3.9/site-packages/uvicorn/workers.py", line 66, in init_process
    super(UvicornWorker, self).init_process()
  File "/usr/local/lib/python3.9/site-packages/gunicorn/workers/base.py", line 135, in init_process
    self.load_wsgi()
  File "/usr/local/lib/python3.9/site-packages/gunicorn/workers/base.py", line 147, in load_wsgi
    self.wsgi = self.app.wsgi()
  File "/usr/local/lib/python3.9/site-packages/gunicorn/app/base.py", line 66, in wsgi
    self.callable = self.load()
  File "/usr/local/lib/python3.9/site-packages/gunicorn/app/wsgiapp.py", line 57, in load
    return self.load_wsgiapp()
  File "/usr/local/lib/python3.9/site-packages/gunicorn/app/wsgiapp.py", line 47, in load_wsgiapp
    return util.import_app(self.app_uri)
  File "/usr/local/lib/python3.9/site-packages/gunicorn/util.py", line 370, in import_app
    mod = importlib.import_module(module)
  File "/usr/local/lib/python3.9/importlib/__init__.py", line 127, in import_module
    return _bootstrap._gcd_import(name[level:], package, level)
  File "<frozen importlib._bootstrap>", line 1030, in _gcd_import
  File "<frozen importlib._bootstrap>", line 1007, in _find_and_load
  File "<frozen importlib._bootstrap>", line 986, in _find_and_load_unlocked
  File "<frozen importlib._bootstrap>", line 680, in _load_unlocked
  File "<frozen importlib._bootstrap_external>", line 850, in exec_module
  File "<frozen importlib._bootstrap>", line 228, in _call_with_frames_removed
  File "/app/backend/public_api.py", line 17, in <module>
    from main import (
ModuleNotFoundError: No module named 'main'
[2025-06-08 13:30:18 +0000] [9] [ERROR] Exception in worker process
Traceback (most recent call last):
  File "/usr/local/lib/python3.9/site-packages/gunicorn/arbiter.py", line 608, in spawn_worker
    worker.init_process()
  File "/usr/local/lib/python3.9/site-packages/uvicorn/workers.py", line 66, in init_process
    super(UvicornWorker, self).init_process()
  File "/usr/local/lib/python3.9/site-packages/gunicorn/workers/base.py", line 135, in init_process
    self.load_wsgi()
  File "/usr/local/lib/python3.9/site-packages/gunicorn/workers/base.py", line 147, in load_wsgi
    self.wsgi = self.app.wsgi()
  File "/usr/local/lib/python3.9/site-packages/gunicorn/app/base.py", line 66, in wsgi
    self.callable = self.load()
  File "/usr/local/lib/python3.9/site-packages/gunicorn/app/wsgiapp.py", line 57, in load
    return self.load_wsgiapp()
  File "/usr/local/lib/python3.9/site-packages/gunicorn/app/wsgiapp.py", line 47, in load_wsgiapp
    return util.import_app(self.app_uri)
  File "/usr/local/lib/python3.9/site-packages/gunicorn/util.py", line 370, in import_app
    mod = importlib.import_module(module)
  File "/usr/local/lib/python3.9/importlib/__init__.py", line 127, in import_module
    return _bootstrap._gcd_import(name[level:], package, level)
  File "<frozen importlib._bootstrap>", line 1030, in _gcd_import
  File "<frozen importlib._bootstrap>", line 1007, in _find_and_load
  File "<frozen importlib._bootstrap>", line 986, in _find_and_load_unlocked
  File "<frozen importlib._bootstrap>", line 680, in _load_unlocked
  File "<frozen importlib._bootstrap_external>", line 850, in exec_module
  File "<frozen importlib._bootstrap>", line 228, in _call_with_frames_removed
  File "/app/backend/public_api.py", line 17, in <module>
    from main import (
ModuleNotFoundError: No module named 'main'
[2025-06-08 13:30:18 +0000] [10] [INFO] Worker exiting (pid: 10)
[2025-06-08 13:30:18 +0000] [9] [INFO] Worker exiting (pid: 9)
[2025-06-08 13:30:18 +0000] [1] [ERROR] Worker (pid:9) exited with code 3
[2025-06-08 13:30:18 +0000] [1] [ERROR] Shutting down: Master
[2025-06-08 13:30:18 +0000] [1] [ERROR] Reason: Worker failed to boot.
[2025-06-08 13:30:19 +0000] [1] [INFO] Starting gunicorn 23.0.0
[2025-06-08 13:30:19 +0000] [1] [INFO] Listening at: http://0.0.0.0:8000 (1)
[2025-06-08 13:30:19 +0000] [1] [INFO] Using worker: uvicorn.workers.UvicornWorker
[2025-06-08 13:30:19 +0000] [9] [INFO] Booting worker with pid: 9
[2025-06-08 13:30:19 +0000] [10] [INFO] Booting worker with pid: 10
[2025-06-08 13:30:20 +0000] [9] [ERROR] Exception in worker process
Traceback (most recent call last):
  File "/usr/local/lib/python3.9/site-packages/gunicorn/arbiter.py", line 608, in spawn_worker
    worker.init_process()
  File "/usr/local/lib/python3.9/site-packages/uvicorn/workers.py", line 66, in init_process
    super(UvicornWorker, self).init_process()
  File "/usr/local/lib/python3.9/site-packages/gunicorn/workers/base.py", line 135, in init_process
    self.load_wsgi()
  File "/usr/local/lib/python3.9/site-packages/gunicorn/workers/base.py", line 147, in load_wsgi
    self.wsgi = self.app.wsgi()
  File "/usr/local/lib/python3.9/site-packages/gunicorn/app/base.py", line 66, in wsgi
    self.callable = self.load()
  File "/usr/local/lib/python3.9/site-packages/gunicorn/app/wsgiapp.py", line 57, in load
    return self.load_wsgiapp()
  File "/usr/local/lib/python3.9/site-packages/gunicorn/app/wsgiapp.py", line 47, in load_wsgiapp
    return util.import_app(self.app_uri)
  File "/usr/local/lib/python3.9/site-packages/gunicorn/util.py", line 370, in import_app
    mod = importlib.import_module(module)
  File "/usr/local/lib/python3.9/importlib/__init__.py", line 127, in import_module
    return _bootstrap._gcd_import(name[level:], package, level)
  File "<frozen importlib._bootstrap>", line 1030, in _gcd_import
  File "<frozen importlib._bootstrap>", line 1007, in _find_and_load
  File "<frozen importlib._bootstrap>", line 986, in _find_and_load_unlocked
  File "<frozen importlib._bootstrap>", line 680, in _load_unlocked
  File "<frozen importlib._bootstrap_external>", line 850, in exec_module
  File "<frozen importlib._bootstrap>", line 228, in _call_with_frames_removed
  File "/app/backend/public_api.py", line 17, in <module>
    from main import (
ModuleNotFoundError: No module named 'main'
[2025-06-08 13:30:20 +0000] [9] [INFO] Worker exiting (pid: 9)
[2025-06-08 13:30:20 +0000] [10] [ERROR] Exception in worker process
Traceback (most recent call last):
  File "/usr/local/lib/python3.9/site-packages/gunicorn/arbiter.py", line 608, in spawn_worker
    worker.init_process()
  File "/usr/local/lib/python3.9/site-packages/uvicorn/workers.py", line 66, in init_process
    super(UvicornWorker, self).init_process()
  File "/usr/local/lib/python3.9/site-packages/gunicorn/workers/base.py", line 135, in init_process
    self.load_wsgi()
  File "/usr/local/lib/python3.9/site-packages/gunicorn/workers/base.py", line 147, in load_wsgi
    self.wsgi = self.app.wsgi()
  File "/usr/local/lib/python3.9/site-packages/gunicorn/app/base.py", line 66, in wsgi
    self.callable = self.load()
  File "/usr/local/lib/python3.9/site-packages/gunicorn/app/wsgiapp.py", line 57, in load
    return self.load_wsgiapp()
  File "/usr/local/lib/python3.9/site-packages/gunicorn/app/wsgiapp.py", line 47, in load_wsgiapp
    return util.import_app(self.app_uri)
  File "/usr/local/lib/python3.9/site-packages/gunicorn/util.py", line 370, in import_app
    mod = importlib.import_module(module)
  File "/usr/local/lib/python3.9/importlib/__init__.py", line 127, in import_module
    return _bootstrap._gcd_import(name[level:], package, level)
  File "<frozen importlib._bootstrap>", line 1030, in _gcd_import
  File "<frozen importlib._bootstrap>", line 1007, in _find_and_load
  File "<frozen importlib._bootstrap>", line 986, in _find_and_load_unlocked
  File "<frozen importlib._bootstrap>", line 680, in _load_unlocked
  File "<frozen importlib._bootstrap_external>", line 850, in exec_module
  File "<frozen importlib._bootstrap>", line 228, in _call_with_frames_removed
  File "/app/backend/public_api.py", line 17, in <module>
    from main import (
ModuleNotFoundError: No module named 'main'
[2025-06-08 13:30:20 +0000] [10] [INFO] Worker exiting (pid: 10)
[2025-06-08 13:30:20 +0000] [1] [ERROR] Worker (pid:9) exited with code 3
[2025-06-08 13:30:20 +0000] [1] [ERROR] Worker (pid:10) was sent SIGTERM!
[2025-06-08 13:30:20 +0000] [1] [ERROR] Shutting down: Master
[2025-06-08 13:30:20 +0000] [1] [ERROR] Reason: Worker failed to boot.
[2025-06-08 13:30:21 +0000] [1] [INFO] Starting gunicorn 23.0.0
[2025-06-08 13:30:21 +0000] [1] [INFO] Listening at: http://0.0.0.0:8000 (1)
[2025-06-08 13:30:21 +0000] [1] [INFO] Using worker: uvicorn.workers.UvicornWorker
[2025-06-08 13:30:21 +0000] [9] [INFO] Booting worker with pid: 9
[2025-06-08 13:30:21 +0000] [10] [INFO] Booting worker with pid: 10
[2025-06-08 13:30:21 +0000] [9] [ERROR] Exception in worker process
Traceback (most recent call last):
  File "/usr/local/lib/python3.9/site-packages/gunicorn/arbiter.py", line 608, in spawn_worker
    worker.init_process()
  File "/usr/local/lib/python3.9/site-packages/uvicorn/workers.py", line 66, in init_process
    super(UvicornWorker, self).init_process()
  File "/usr/local/lib/python3.9/site-packages/gunicorn/workers/base.py", line 135, in init_process
    self.load_wsgi()
  File "/usr/local/lib/python3.9/site-packages/gunicorn/workers/base.py", line 147, in load_wsgi
    self.wsgi = self.app.wsgi()
  File "/usr/local/lib/python3.9/site-packages/gunicorn/app/base.py", line 66, in wsgi
    self.callable = self.load()
  File "/usr/local/lib/python3.9/site-packages/gunicorn/app/wsgiapp.py", line 57, in load
    return self.load_wsgiapp()
  File "/usr/local/lib/python3.9/site-packages/gunicorn/app/wsgiapp.py", line 47, in load_wsgiapp
    return util.import_app(self.app_uri)
  File "/usr/local/lib/python3.9/site-packages/gunicorn/util.py", line 370, in import_app
    mod = importlib.import_module(module)
  File "/usr/local/lib/python3.9/importlib/__init__.py", line 127, in import_module
    return _bootstrap._gcd_import(name[level:], package, level)
  File "<frozen importlib._bootstrap>", line 1030, in _gcd_import
  File "<frozen importlib._bootstrap>", line 1007, in _find_and_load
  File "<frozen importlib._bootstrap>", line 986, in _find_and_load_unlocked
  File "<frozen importlib._bootstrap>", line 680, in _load_unlocked
  File "<frozen importlib._bootstrap_external>", line 850, in exec_module
  File "<frozen importlib._bootstrap>", line 228, in _call_with_frames_removed
  File "/app/backend/public_api.py", line 17, in <module>
    from main import (
ModuleNotFoundError: No module named 'main'
[2025-06-08 13:30:21 +0000] [9] [INFO] Worker exiting (pid: 9)
[2025-06-08 13:30:21 +0000] [1] [ERROR] Worker (pid:9) exited with code 3
[2025-06-08 13:30:21 +0000] [1] [ERROR] Worker (pid:10) was sent SIGTERM!
[2025-06-08 13:30:21 +0000] [1] [ERROR] Shutting down: Master
[2025-06-08 13:30:21 +0000] [1] [ERROR] Reason: Worker failed to boot.
[2025-06-08 13:30:22 +0000] [1] [INFO] Starting gunicorn 23.0.0
[2025-06-08 13:30:22 +0000] [1] [INFO] Listening at: http://0.0.0.0:8000 (1)
[2025-06-08 13:30:22 +0000] [1] [INFO] Using worker: uvicorn.workers.UvicornWorker
[2025-06-08 13:30:22 +0000] [9] [INFO] Booting worker with pid: 9
[2025-06-08 13:30:22 +0000] [10] [INFO] Booting worker with pid: 10
[2025-06-08 13:30:23 +0000] [9] [ERROR] Exception in worker process
Traceback (most recent call last):
  File "/usr/local/lib/python3.9/site-packages/gunicorn/arbiter.py", line 608, in spawn_worker
    worker.init_process()
  File "/usr/local/lib/python3.9/site-packages/uvicorn/workers.py", line 66, in init_process
    super(UvicornWorker, self).init_process()
  File "/usr/local/lib/python3.9/site-packages/gunicorn/workers/base.py", line 135, in init_process
    self.load_wsgi()
  File "/usr/local/lib/python3.9/site-packages/gunicorn/workers/base.py", line 147, in load_wsgi
    self.wsgi = self.app.wsgi()
  File "/usr/local/lib/python3.9/site-packages/gunicorn/app/base.py", line 66, in wsgi
    self.callable = self.load()
  File "/usr/local/lib/python3.9/site-packages/gunicorn/app/wsgiapp.py", line 57, in load
    return self.load_wsgiapp()
  File "/usr/local/lib/python3.9/site-packages/gunicorn/app/wsgiapp.py", line 47, in load_wsgiapp
    return util.import_app(self.app_uri)
  File "/usr/local/lib/python3.9/site-packages/gunicorn/util.py", line 370, in import_app
    mod = importlib.import_module(module)
  File "/usr/local/lib/python3.9/importlib/__init__.py", line 127, in import_module
    return _bootstrap._gcd_import(name[level:], package, level)
  File "<frozen importlib._bootstrap>", line 1030, in _gcd_import
  File "<frozen importlib._bootstrap>", line 1007, in _find_and_load
  File "<frozen importlib._bootstrap>", line 986, in _find_and_load_unlocked
  File "<frozen importlib._bootstrap>", line 680, in _load_unlocked
  File "<frozen importlib._bootstrap_external>", line 850, in exec_module
  File "<frozen importlib._bootstrap>", line 228, in _call_with_frames_removed
  File "/app/backend/public_api.py", line 17, in <module>
    from main import (
ModuleNotFoundError: No module named 'main'
[2025-06-08 13:30:23 +0000] [9] [INFO] Worker exiting (pid: 9)
[2025-06-08 13:30:23 +0000] [10] [ERROR] Exception in worker process
Traceback (most recent call last):
  File "/usr/local/lib/python3.9/site-packages/gunicorn/arbiter.py", line 608, in spawn_worker
    worker.init_process()
  File "/usr/local/lib/python3.9/site-packages/uvicorn/workers.py", line 66, in init_process
    super(UvicornWorker, self).init_process()
  File "/usr/local/lib/python3.9/site-packages/gunicorn/workers/base.py", line 135, in init_process
    self.load_wsgi()
  File "/usr/local/lib/python3.9/site-packages/gunicorn/workers/base.py", line 147, in load_wsgi
    self.wsgi = self.app.wsgi()
  File "/usr/local/lib/python3.9/site-packages/gunicorn/app/base.py", line 66, in wsgi
    self.callable = self.load()
  File "/usr/local/lib/python3.9/site-packages/gunicorn/app/wsgiapp.py", line 57, in load
    return self.load_wsgiapp()
  File "/usr/local/lib/python3.9/site-packages/gunicorn/app/wsgiapp.py", line 47, in load_wsgiapp
    return util.import_app(self.app_uri)
  File "/usr/local/lib/python3.9/site-packages/gunicorn/util.py", line 370, in import_app
    mod = importlib.import_module(module)
  File "/usr/local/lib/python3.9/importlib/__init__.py", line 127, in import_module
    return _bootstrap._gcd_import(name[level:], package, level)
  File "<frozen importlib._bootstrap>", line 1030, in _gcd_import
  File "<frozen importlib._bootstrap>", line 1007, in _find_and_load
  File "<frozen importlib._bootstrap>", line 986, in _find_and_load_unlocked
  File "<frozen importlib._bootstrap>", line 680, in _load_unlocked
  File "<frozen importlib._bootstrap_external>", line 850, in exec_module
  File "<frozen importlib._bootstrap>", line 228, in _call_with_frames_removed
  File "/app/backend/public_api.py", line 17, in <module>
    from main import (
ModuleNotFoundError: No module named 'main'
[2025-06-08 13:30:23 +0000] [10] [INFO] Worker exiting (pid: 10)
[2025-06-08 13:30:23 +0000] [1] [ERROR] Worker (pid:9) exited with code 3
[2025-06-08 13:30:23 +0000] [1] [ERROR] Worker (pid:10) was sent SIGTERM!
[2025-06-08 13:30:23 +0000] [1] [ERROR] Shutting down: Master
[2025-06-08 13:30:23 +0000] [1] [ERROR] Reason: Worker failed to boot.
[2025-06-08 13:30:24 +0000] [1] [INFO] Starting gunicorn 23.0.0
[2025-06-08 13:30:24 +0000] [1] [INFO] Listening at: http://0.0.0.0:8000 (1)
[2025-06-08 13:30:24 +0000] [1] [INFO] Using worker: uvicorn.workers.UvicornWorker
[2025-06-08 13:30:24 +0000] [9] [INFO] Booting worker with pid: 9
[2025-06-08 13:30:24 +0000] [10] [INFO] Booting worker with pid: 10
[2025-06-08 13:30:25 +0000] [9] [ERROR] Exception in worker process
Traceback (most recent call last):
  File "/usr/local/lib/python3.9/site-packages/gunicorn/arbiter.py", line 608, in spawn_worker
    worker.init_process()
  File "/usr/local/lib/python3.9/site-packages/uvicorn/workers.py", line 66, in init_process
    super(UvicornWorker, self).init_process()
  File "/usr/local/lib/python3.9/site-packages/gunicorn/workers/base.py", line 135, in init_process
    self.load_wsgi()
  File "/usr/local/lib/python3.9/site-packages/gunicorn/workers/base.py", line 147, in load_wsgi
    self.wsgi = self.app.wsgi()
  File "/usr/local/lib/python3.9/site-packages/gunicorn/app/base.py", line 66, in wsgi
    self.callable = self.load()
  File "/usr/local/lib/python3.9/site-packages/gunicorn/app/wsgiapp.py", line 57, in load
    return self.load_wsgiapp()
  File "/usr/local/lib/python3.9/site-packages/gunicorn/app/wsgiapp.py", line 47, in load_wsgiapp
    return util.import_app(self.app_uri)
  File "/usr/local/lib/python3.9/site-packages/gunicorn/util.py", line 370, in import_app
    mod = importlib.import_module(module)
  File "/usr/local/lib/python3.9/importlib/__init__.py", line 127, in import_module
    return _bootstrap._gcd_import(name[level:], package, level)
  File "<frozen importlib._bootstrap>", line 1030, in _gcd_import
  File "<frozen importlib._bootstrap>", line 1007, in _find_and_load
  File "<frozen importlib._bootstrap>", line 986, in _find_and_load_unlocked
  File "<frozen importlib._bootstrap>", line 680, in _load_unlocked
  File "<frozen importlib._bootstrap_external>", line 850, in exec_module
  File "<frozen importlib._bootstrap>", line 228, in _call_with_frames_removed
  File "/app/backend/public_api.py", line 17, in <module>
    from main import (
ModuleNotFoundError: No module named 'main'
[2025-06-08 13:30:25 +0000] [9] [INFO] Worker exiting (pid: 9)
[2025-06-08 13:30:25 +0000] [10] [ERROR] Exception in worker process
Traceback (most recent call last):
  File "/usr/local/lib/python3.9/site-packages/gunicorn/arbiter.py", line 608, in spawn_worker
    worker.init_process()
  File "/usr/local/lib/python3.9/site-packages/uvicorn/workers.py", line 66, in init_process
    super(UvicornWorker, self).init_process()
  File "/usr/local/lib/python3.9/site-packages/gunicorn/workers/base.py", line 135, in init_process
    self.load_wsgi()
  File "/usr/local/lib/python3.9/site-packages/gunicorn/workers/base.py", line 147, in load_wsgi
    self.wsgi = self.app.wsgi()
  File "/usr/local/lib/python3.9/site-packages/gunicorn/app/base.py", line 66, in wsgi
    self.callable = self.load()
  File "/usr/local/lib/python3.9/site-packages/gunicorn/app/wsgiapp.py", line 57, in load
    return self.load_wsgiapp()
  File "/usr/local/lib/python3.9/site-packages/gunicorn/app/wsgiapp.py", line 47, in load_wsgiapp
    return util.import_app(self.app_uri)
  File "/usr/local/lib/python3.9/site-packages/gunicorn/util.py", line 370, in import_app
    mod = importlib.import_module(module)
  File "/usr/local/lib/python3.9/importlib/__init__.py", line 127, in import_module
    return _bootstrap._gcd_import(name[level:], package, level)
  File "<frozen importlib._bootstrap>", line 1030, in _gcd_import
  File "<frozen importlib._bootstrap>", line 1007, in _find_and_load
  File "<frozen importlib._bootstrap>", line 986, in _find_and_load_unlocked
  File "<frozen importlib._bootstrap>", line 680, in _load_unlocked
  File "<frozen importlib._bootstrap_external>", line 850, in exec_module
  File "<frozen importlib._bootstrap>", line 228, in _call_with_frames_removed
  File "/app/backend/public_api.py", line 17, in <module>
    from main import (
ModuleNotFoundError: No module named 'main'
[2025-06-08 13:30:25 +0000] [10] [INFO] Worker exiting (pid: 10)
[2025-06-08 13:30:25 +0000] [1] [ERROR] Worker (pid:9) exited with code 3
[2025-06-08 13:30:25 +0000] [1] [ERROR] Worker (pid:10) was sent SIGTERM!
[2025-06-08 13:30:25 +0000] [1] [ERROR] Shutting down: Master
[2025-06-08 13:30:25 +0000] [1] [ERROR] Reason: Worker failed to boot.
[2025-06-08 13:30:27 +0000] [1] [INFO] Starting gunicorn 23.0.0
[2025-06-08 13:30:27 +0000] [1] [INFO] Listening at: http://0.0.0.0:8000 (1)
[2025-06-08 13:30:27 +0000] [1] [INFO] Using worker: uvicorn.workers.UvicornWorker
[2025-06-08 13:30:27 +0000] [9] [INFO] Booting worker with pid: 9
[2025-06-08 13:30:27 +0000] [10] [INFO] Booting worker with pid: 10
[2025-06-08 13:30:27 +0000] [9] [ERROR] Exception in worker process
Traceback (most recent call last):
  File "/usr/local/lib/python3.9/site-packages/gunicorn/arbiter.py", line 608, in spawn_worker
    worker.init_process()
  File "/usr/local/lib/python3.9/site-packages/uvicorn/workers.py", line 66, in init_process
    super(UvicornWorker, self).init_process()
  File "/usr/local/lib/python3.9/site-packages/gunicorn/workers/base.py", line 135, in init_process
    self.load_wsgi()
  File "/usr/local/lib/python3.9/site-packages/gunicorn/workers/base.py", line 147, in load_wsgi
    self.wsgi = self.app.wsgi()
  File "/usr/local/lib/python3.9/site-packages/gunicorn/app/base.py", line 66, in wsgi
    self.callable = self.load()
  File "/usr/local/lib/python3.9/site-packages/gunicorn/app/wsgiapp.py", line 57, in load
    return self.load_wsgiapp()
  File "/usr/local/lib/python3.9/site-packages/gunicorn/app/wsgiapp.py", line 47, in load_wsgiapp
    return util.import_app(self.app_uri)
  File "/usr/local/lib/python3.9/site-packages/gunicorn/util.py", line 370, in import_app
    mod = importlib.import_module(module)
  File "/usr/local/lib/python3.9/importlib/__init__.py", line 127, in import_module
    return _bootstrap._gcd_import(name[level:], package, level)
  File "<frozen importlib._bootstrap>", line 1030, in _gcd_import
  File "<frozen importlib._bootstrap>", line 1007, in _find_and_load
  File "<frozen importlib._bootstrap>", line 986, in _find_and_load_unlocked
  File "<frozen importlib._bootstrap>", line 680, in _load_unlocked
  File "<frozen importlib._bootstrap_external>", line 850, in exec_module
  File "<frozen importlib._bootstrap>", line 228, in _call_with_frames_removed
  File "/app/backend/public_api.py", line 17, in <module>
    from main import (
ModuleNotFoundError: No module named 'main'
[2025-06-08 13:30:27 +0000] [9] [INFO] Worker exiting (pid: 9)
[2025-06-08 13:30:27 +0000] [1] [ERROR] Worker (pid:9) exited with code 3
[2025-06-08 13:30:27 +0000] [1] [ERROR] Worker (pid:10) was sent SIGTERM!
[2025-06-08 13:30:27 +0000] [1] [ERROR] Shutting down: Master
[2025-06-08 13:30:27 +0000] [1] [ERROR] Reason: Worker failed to boot.
[2025-06-08 13:30:31 +0000] [1] [INFO] Starting gunicorn 23.0.0
[2025-06-08 13:30:31 +0000] [1] [INFO] Listening at: http://0.0.0.0:8000 (1)
[2025-06-08 13:30:31 +0000] [1] [INFO] Using worker: uvicorn.workers.UvicornWorker
[2025-06-08 13:30:31 +0000] [9] [INFO] Booting worker with pid: 9
[2025-06-08 13:30:31 +0000] [10] [INFO] Booting worker with pid: 10
[2025-06-08 13:30:31 +0000] [9] [ERROR] Exception in worker process
Traceback (most recent call last):
  File "/usr/local/lib/python3.9/site-packages/gunicorn/arbiter.py", line 608, in spawn_worker
    worker.init_process()
  File "/usr/local/lib/python3.9/site-packages/uvicorn/workers.py", line 66, in init_process
    super(UvicornWorker, self).init_process()
  File "/usr/local/lib/python3.9/site-packages/gunicorn/workers/base.py", line 135, in init_process
    self.load_wsgi()
  File "/usr/local/lib/python3.9/site-packages/gunicorn/workers/base.py", line 147, in load_wsgi
    self.wsgi = self.app.wsgi()
  File "/usr/local/lib/python3.9/site-packages/gunicorn/app/base.py", line 66, in wsgi
    self.callable = self.load()
  File "/usr/local/lib/python3.9/site-packages/gunicorn/app/wsgiapp.py", line 57, in load
    return self.load_wsgiapp()
  File "/usr/local/lib/python3.9/site-packages/gunicorn/app/wsgiapp.py", line 47, in load_wsgiapp
    return util.import_app(self.app_uri)
  File "/usr/local/lib/python3.9/site-packages/gunicorn/util.py", line 370, in import_app
    mod = importlib.import_module(module)
  File "/usr/local/lib/python3.9/importlib/__init__.py", line 127, in import_module
    return _bootstrap._gcd_import(name[level:], package, level)
  File "<frozen importlib._bootstrap>", line 1030, in _gcd_import
  File "<frozen importlib._bootstrap>", line 1007, in _find_and_load
  File "<frozen importlib._bootstrap>", line 986, in _find_and_load_unlocked
  File "<frozen importlib._bootstrap>", line 680, in _load_unlocked
  File "<frozen importlib._bootstrap_external>", line 850, in exec_module
  File "<frozen importlib._bootstrap>", line 228, in _call_with_frames_removed
  File "/app/backend/public_api.py", line 17, in <module>
    from main import (
ModuleNotFoundError: No module named 'main'
[2025-06-08 13:30:31 +0000] [9] [INFO] Worker exiting (pid: 9)
[2025-06-08 13:30:31 +0000] [10] [ERROR] Exception in worker process
Traceback (most recent call last):
  File "/usr/local/lib/python3.9/site-packages/gunicorn/arbiter.py", line 608, in spawn_worker
    worker.init_process()
  File "/usr/local/lib/python3.9/site-packages/uvicorn/workers.py", line 66, in init_process
    super(UvicornWorker, self).init_process()
  File "/usr/local/lib/python3.9/site-packages/gunicorn/workers/base.py", line 135, in init_process
    self.load_wsgi()
  File "/usr/local/lib/python3.9/site-packages/gunicorn/workers/base.py", line 147, in load_wsgi
    self.wsgi = self.app.wsgi()
  File "/usr/local/lib/python3.9/site-packages/gunicorn/app/base.py", line 66, in wsgi
    self.callable = self.load()
  File "/usr/local/lib/python3.9/site-packages/gunicorn/app/wsgiapp.py", line 57, in load
    return self.load_wsgiapp()
  File "/usr/local/lib/python3.9/site-packages/gunicorn/app/wsgiapp.py", line 47, in load_wsgiapp
    return util.import_app(self.app_uri)
  File "/usr/local/lib/python3.9/site-packages/gunicorn/util.py", line 370, in import_app
    mod = importlib.import_module(module)
  File "/usr/local/lib/python3.9/importlib/__init__.py", line 127, in import_module
    return _bootstrap._gcd_import(name[level:], package, level)
  File "<frozen importlib._bootstrap>", line 1030, in _gcd_import
  File "<frozen importlib._bootstrap>", line 1007, in _find_and_load
  File "<frozen importlib._bootstrap>", line 986, in _find_and_load_unlocked
  File "<frozen importlib._bootstrap>", line 680, in _load_unlocked
  File "<frozen importlib._bootstrap_external>", line 850, in exec_module
  File "<frozen importlib._bootstrap>", line 228, in _call_with_frames_removed
  File "/app/backend/public_api.py", line 17, in <module>
    from main import (
ModuleNotFoundError: No module named 'main'
[2025-06-08 13:30:31 +0000] [10] [INFO] Worker exiting (pid: 10)
[2025-06-08 13:30:31 +0000] [1] [ERROR] Worker (pid:9) exited with code 3
[2025-06-08 13:30:31 +0000] [1] [ERROR] Worker (pid:10) was sent SIGTERM!
[2025-06-08 13:30:32 +0000] [1] [ERROR] Shutting down: Master
[2025-06-08 13:30:32 +0000] [1] [ERROR] Reason: Worker failed to boot.
[2025-06-08 13:30:38 +0000] [1] [INFO] Starting gunicorn 23.0.0
[2025-06-08 13:30:38 +0000] [1] [INFO] Listening at: http://0.0.0.0:8000 (1)
[2025-06-08 13:30:38 +0000] [1] [INFO] Using worker: uvicorn.workers.UvicornWorker
[2025-06-08 13:30:38 +0000] [9] [INFO] Booting worker with pid: 9
[2025-06-08 13:30:39 +0000] [10] [INFO] Booting worker with pid: 10
[2025-06-08 13:30:39 +0000] [9] [ERROR] Exception in worker process
Traceback (most recent call last):
  File "/usr/local/lib/python3.9/site-packages/gunicorn/arbiter.py", line 608, in spawn_worker
    worker.init_process()
  File "/usr/local/lib/python3.9/site-packages/uvicorn/workers.py", line 66, in init_process
    super(UvicornWorker, self).init_process()
  File "/usr/local/lib/python3.9/site-packages/gunicorn/workers/base.py", line 135, in init_process
    self.load_wsgi()
  File "/usr/local/lib/python3.9/site-packages/gunicorn/workers/base.py", line 147, in load_wsgi
    self.wsgi = self.app.wsgi()
  File "/usr/local/lib/python3.9/site-packages/gunicorn/app/base.py", line 66, in wsgi
    self.callable = self.load()
  File "/usr/local/lib/python3.9/site-packages/gunicorn/app/wsgiapp.py", line 57, in load
    return self.load_wsgiapp()
  File "/usr/local/lib/python3.9/site-packages/gunicorn/app/wsgiapp.py", line 47, in load_wsgiapp
    return util.import_app(self.app_uri)
  File "/usr/local/lib/python3.9/site-packages/gunicorn/util.py", line 370, in import_app
    mod = importlib.import_module(module)
  File "/usr/local/lib/python3.9/importlib/__init__.py", line 127, in import_module
    return _bootstrap._gcd_import(name[level:], package, level)
  File "<frozen importlib._bootstrap>", line 1030, in _gcd_import
  File "<frozen importlib._bootstrap>", line 1007, in _find_and_load
  File "<frozen importlib._bootstrap>", line 986, in _find_and_load_unlocked
  File "<frozen importlib._bootstrap>", line 680, in _load_unlocked
  File "<frozen importlib._bootstrap_external>", line 850, in exec_module
  File "<frozen importlib._bootstrap>", line 228, in _call_with_frames_removed
  File "/app/backend/public_api.py", line 17, in <module>
    from main import (
ModuleNotFoundError: No module named 'main'
[2025-06-08 13:30:39 +0000] [9] [INFO] Worker exiting (pid: 9)
[2025-06-08 13:30:39 +0000] [10] [ERROR] Exception in worker process
Traceback (most recent call last):
  File "/usr/local/lib/python3.9/site-packages/gunicorn/arbiter.py", line 608, in spawn_worker
    worker.init_process()
  File "/usr/local/lib/python3.9/site-packages/uvicorn/workers.py", line 66, in init_process
    super(UvicornWorker, self).init_process()
  File "/usr/local/lib/python3.9/site-packages/gunicorn/workers/base.py", line 135, in init_process
    self.load_wsgi()
  File "/usr/local/lib/python3.9/site-packages/gunicorn/workers/base.py", line 147, in load_wsgi
    self.wsgi = self.app.wsgi()
  File "/usr/local/lib/python3.9/site-packages/gunicorn/app/base.py", line 66, in wsgi
    self.callable = self.load()
  File "/usr/local/lib/python3.9/site-packages/gunicorn/app/wsgiapp.py", line 57, in load
    return self.load_wsgiapp()
  File "/usr/local/lib/python3.9/site-packages/gunicorn/app/wsgiapp.py", line 47, in load_wsgiapp
    return util.import_app(self.app_uri)
  File "/usr/local/lib/python3.9/site-packages/gunicorn/util.py", line 370, in import_app
    mod = importlib.import_module(module)
  File "/usr/local/lib/python3.9/importlib/__init__.py", line 127, in import_module
    return _bootstrap._gcd_import(name[level:], package, level)
  File "<frozen importlib._bootstrap>", line 1030, in _gcd_import
  File "<frozen importlib._bootstrap>", line 1007, in _find_and_load
  File "<frozen importlib._bootstrap>", line 986, in _find_and_load_unlocked
  File "<frozen importlib._bootstrap>", line 680, in _load_unlocked
  File "<frozen importlib._bootstrap_external>", line 850, in exec_module
  File "<frozen importlib._bootstrap>", line 228, in _call_with_frames_removed
  File "/app/backend/public_api.py", line 17, in <module>
    from main import (
ModuleNotFoundError: No module named 'main'
[2025-06-08 13:30:39 +0000] [10] [INFO] Worker exiting (pid: 10)
[2025-06-08 13:30:39 +0000] [1] [ERROR] Worker (pid:9) exited with code 3
[2025-06-08 13:30:39 +0000] [1] [ERROR] Worker (pid:10) was sent SIGTERM!
[2025-06-08 13:30:39 +0000] [1] [ERROR] Shutting down: Master
[2025-06-08 13:30:39 +0000] [1] [ERROR] Reason: Worker failed to boot.
[2025-06-08 13:30:52 +0000] [1] [INFO] Starting gunicorn 23.0.0
[2025-06-08 13:30:52 +0000] [1] [INFO] Listening at: http://0.0.0.0:8000 (1)
[2025-06-08 13:30:52 +0000] [1] [INFO] Using worker: uvicorn.workers.UvicornWorker
[2025-06-08 13:30:52 +0000] [9] [INFO] Booting worker with pid: 9
[2025-06-08 13:30:52 +0000] [10] [INFO] Booting worker with pid: 10
[2025-06-08 13:30:53 +0000] [9] [ERROR] Exception in worker process
Traceback (most recent call last):
  File "/usr/local/lib/python3.9/site-packages/gunicorn/arbiter.py", line 608, in spawn_worker
    worker.init_process()
  File "/usr/local/lib/python3.9/site-packages/uvicorn/workers.py", line 66, in init_process
    super(UvicornWorker, self).init_process()
  File "/usr/local/lib/python3.9/site-packages/gunicorn/workers/base.py", line 135, in init_process
    self.load_wsgi()
  File "/usr/local/lib/python3.9/site-packages/gunicorn/workers/base.py", line 147, in load_wsgi
    self.wsgi = self.app.wsgi()
  File "/usr/local/lib/python3.9/site-packages/gunicorn/app/base.py", line 66, in wsgi
    self.callable = self.load()
  File "/usr/local/lib/python3.9/site-packages/gunicorn/app/wsgiapp.py", line 57, in load
    return self.load_wsgiapp()
  File "/usr/local/lib/python3.9/site-packages/gunicorn/app/wsgiapp.py", line 47, in load_wsgiapp
    return util.import_app(self.app_uri)
  File "/usr/local/lib/python3.9/site-packages/gunicorn/util.py", line 370, in import_app
    mod = importlib.import_module(module)
  File "/usr/local/lib/python3.9/importlib/__init__.py", line 127, in import_module
    return _bootstrap._gcd_import(name[level:], package, level)
  File "<frozen importlib._bootstrap>", line 1030, in _gcd_import
  File "<frozen importlib._bootstrap>", line 1007, in _find_and_load
  File "<frozen importlib._bootstrap>", line 986, in _find_and_load_unlocked
  File "<frozen importlib._bootstrap>", line 680, in _load_unlocked
  File "<frozen importlib._bootstrap_external>", line 850, in exec_module
  File "<frozen importlib._bootstrap>", line 228, in _call_with_frames_removed
  File "/app/backend/public_api.py", line 17, in <module>
    from main import (
ModuleNotFoundError: No module named 'main'
[2025-06-08 13:30:53 +0000] [9] [INFO] Worker exiting (pid: 9)
[2025-06-08 13:30:53 +0000] [10] [ERROR] Exception in worker process
Traceback (most recent call last):
  File "/usr/local/lib/python3.9/site-packages/gunicorn/arbiter.py", line 608, in spawn_worker
    worker.init_process()
  File "/usr/local/lib/python3.9/site-packages/uvicorn/workers.py", line 66, in init_process
    super(UvicornWorker, self).init_process()
  File "/usr/local/lib/python3.9/site-packages/gunicorn/workers/base.py", line 135, in init_process
    self.load_wsgi()
  File "/usr/local/lib/python3.9/site-packages/gunicorn/workers/base.py", line 147, in load_wsgi
    self.wsgi = self.app.wsgi()
  File "/usr/local/lib/python3.9/site-packages/gunicorn/app/base.py", line 66, in wsgi
    self.callable = self.load()
  File "/usr/local/lib/python3.9/site-packages/gunicorn/app/wsgiapp.py", line 57, in load
    return self.load_wsgiapp()
  File "/usr/local/lib/python3.9/site-packages/gunicorn/app/wsgiapp.py", line 47, in load_wsgiapp
    return util.import_app(self.app_uri)
  File "/usr/local/lib/python3.9/site-packages/gunicorn/util.py", line 370, in import_app
    mod = importlib.import_module(module)
  File "/usr/local/lib/python3.9/importlib/__init__.py", line 127, in import_module
    return _bootstrap._gcd_import(name[level:], package, level)
  File "<frozen importlib._bootstrap>", line 1030, in _gcd_import
  File "<frozen importlib._bootstrap>", line 1007, in _find_and_load
  File "<frozen importlib._bootstrap>", line 986, in _find_and_load_unlocked
  File "<frozen importlib._bootstrap>", line 680, in _load_unlocked
  File "<frozen importlib._bootstrap_external>", line 850, in exec_module
  File "<frozen importlib._bootstrap>", line 228, in _call_with_frames_removed
  File "/app/backend/public_api.py", line 17, in <module>
    from main import (
ModuleNotFoundError: No module named 'main'
[2025-06-08 13:30:53 +0000] [10] [INFO] Worker exiting (pid: 10)
[2025-06-08 13:30:53 +0000] [1] [ERROR] Worker (pid:9) exited with code 3
[2025-06-08 13:30:53 +0000] [1] [ERROR] Worker (pid:10) was sent SIGTERM!
[2025-06-08 13:30:53 +0000] [1] [ERROR] Shutting down: Master
[2025-06-08 13:30:53 +0000] [1] [ERROR] Reason: Worker failed to boot.
[2025-06-08 13:31:19 +0000] [1] [INFO] Starting gunicorn 23.0.0
[2025-06-08 13:31:19 +0000] [1] [INFO] Listening at: http://0.0.0.0:8000 (1)
[2025-06-08 13:31:19 +0000] [1] [INFO] Using worker: uvicorn.workers.UvicornWorker
[2025-06-08 13:31:19 +0000] [9] [INFO] Booting worker with pid: 9
[2025-06-08 13:31:19 +0000] [10] [INFO] Booting worker with pid: 10
[2025-06-08 13:31:19 +0000] [9] [ERROR] Exception in worker process
Traceback (most recent call last):
  File "/usr/local/lib/python3.9/site-packages/gunicorn/arbiter.py", line 608, in spawn_worker
    worker.init_process()
  File "/usr/local/lib/python3.9/site-packages/uvicorn/workers.py", line 66, in init_process
    super(UvicornWorker, self).init_process()
  File "/usr/local/lib/python3.9/site-packages/gunicorn/workers/base.py", line 135, in init_process
    self.load_wsgi()
  File "/usr/local/lib/python3.9/site-packages/gunicorn/workers/base.py", line 147, in load_wsgi
    self.wsgi = self.app.wsgi()
  File "/usr/local/lib/python3.9/site-packages/gunicorn/app/base.py", line 66, in wsgi
    self.callable = self.load()
  File "/usr/local/lib/python3.9/site-packages/gunicorn/app/wsgiapp.py", line 57, in load
    return self.load_wsgiapp()
  File "/usr/local/lib/python3.9/site-packages/gunicorn/app/wsgiapp.py", line 47, in load_wsgiapp
    return util.import_app(self.app_uri)
  File "/usr/local/lib/python3.9/site-packages/gunicorn/util.py", line 370, in import_app
    mod = importlib.import_module(module)
  File "/usr/local/lib/python3.9/importlib/__init__.py", line 127, in import_module
    return _bootstrap._gcd_import(name[level:], package, level)
  File "<frozen importlib._bootstrap>", line 1030, in _gcd_import
  File "<frozen importlib._bootstrap>", line 1007, in _find_and_load
  File "<frozen importlib._bootstrap>", line 986, in _find_and_load_unlocked
  File "<frozen importlib._bootstrap>", line 680, in _load_unlocked
  File "<frozen importlib._bootstrap_external>", line 850, in exec_module
  File "<frozen importlib._bootstrap>", line 228, in _call_with_frames_removed
  File "/app/backend/public_api.py", line 17, in <module>
    from main import (
ModuleNotFoundError: No module named 'main'
[2025-06-08 13:31:19 +0000] [9] [INFO] Worker exiting (pid: 9)
[2025-06-08 13:31:19 +0000] [1] [ERROR] Worker (pid:9) exited with code 3
[2025-06-08 13:31:19 +0000] [1] [ERROR] Worker (pid:10) was sent SIGTERM!
[2025-06-08 13:31:19 +0000] [1] [ERROR] Shutting down: Master
[2025-06-08 13:31:19 +0000] [1] [ERROR] Reason: Worker failed to boot.
[2025-06-08 13:32:11 +0000] [1] [INFO] Starting gunicorn 23.0.0
[2025-06-08 13:32:11 +0000] [1] [INFO] Listening at: http://0.0.0.0:8000 (1)
[2025-06-08 13:32:11 +0000] [1] [INFO] Using worker: uvicorn.workers.UvicornWorker
[2025-06-08 13:32:11 +0000] [9] [INFO] Booting worker with pid: 9
[2025-06-08 13:32:11 +0000] [10] [INFO] Booting worker with pid: 10
[2025-06-08 13:32:12 +0000] [9] [ERROR] Exception in worker process
Traceback (most recent call last):
  File "/usr/local/lib/python3.9/site-packages/gunicorn/arbiter.py", line 608, in spawn_worker
    worker.init_process()
  File "/usr/local/lib/python3.9/site-packages/uvicorn/workers.py", line 66, in init_process
    super(UvicornWorker, self).init_process()
  File "/usr/local/lib/python3.9/site-packages/gunicorn/workers/base.py", line 135, in init_process
    self.load_wsgi()
  File "/usr/local/lib/python3.9/site-packages/gunicorn/workers/base.py", line 147, in load_wsgi
    self.wsgi = self.app.wsgi()
  File "/usr/local/lib/python3.9/site-packages/gunicorn/app/base.py", line 66, in wsgi
    self.callable = self.load()
  File "/usr/local/lib/python3.9/site-packages/gunicorn/app/wsgiapp.py", line 57, in load
    return self.load_wsgiapp()
  File "/usr/local/lib/python3.9/site-packages/gunicorn/app/wsgiapp.py", line 47, in load_wsgiapp
    return util.import_app(self.app_uri)
  File "/usr/local/lib/python3.9/site-packages/gunicorn/util.py", line 370, in import_app
    mod = importlib.import_module(module)
  File "/usr/local/lib/python3.9/importlib/__init__.py", line 127, in import_module
    return _bootstrap._gcd_import(name[level:], package, level)
  File "<frozen importlib._bootstrap>", line 1030, in _gcd_import
  File "<frozen importlib._bootstrap>", line 1007, in _find_and_load
  File "<frozen importlib._bootstrap>", line 986, in _find_and_load_unlocked
  File "<frozen importlib._bootstrap>", line 680, in _load_unlocked
  File "<frozen importlib._bootstrap_external>", line 850, in exec_module
  File "<frozen importlib._bootstrap>", line 228, in _call_with_frames_removed
  File "/app/backend/public_api.py", line 17, in <module>
    from main import (
ModuleNotFoundError: No module named 'main'
[2025-06-08 13:32:12 +0000] [9] [INFO] Worker exiting (pid: 9)
[2025-06-08 13:32:12 +0000] [10] [ERROR] Exception in worker process
Traceback (most recent call last):
  File "/usr/local/lib/python3.9/site-packages/gunicorn/arbiter.py", line 608, in spawn_worker
    worker.init_process()
  File "/usr/local/lib/python3.9/site-packages/uvicorn/workers.py", line 66, in init_process
    super(UvicornWorker, self).init_process()
  File "/usr/local/lib/python3.9/site-packages/gunicorn/workers/base.py", line 135, in init_process
    self.load_wsgi()
  File "/usr/local/lib/python3.9/site-packages/gunicorn/workers/base.py", line 147, in load_wsgi
    self.wsgi = self.app.wsgi()
  File "/usr/local/lib/python3.9/site-packages/gunicorn/app/base.py", line 66, in wsgi
    self.callable = self.load()
  File "/usr/local/lib/python3.9/site-packages/gunicorn/app/wsgiapp.py", line 57, in load
    return self.load_wsgiapp()
  File "/usr/local/lib/python3.9/site-packages/gunicorn/app/wsgiapp.py", line 47, in load_wsgiapp
    return util.import_app(self.app_uri)
  File "/usr/local/lib/python3.9/site-packages/gunicorn/util.py", line 370, in import_app
    mod = importlib.import_module(module)
  File "/usr/local/lib/python3.9/importlib/__init__.py", line 127, in import_module
    return _bootstrap._gcd_import(name[level:], package, level)
  File "<frozen importlib._bootstrap>", line 1030, in _gcd_import
  File "<frozen importlib._bootstrap>", line 1007, in _find_and_load
  File "<frozen importlib._bootstrap>", line 986, in _find_and_load_unlocked
  File "<frozen importlib._bootstrap>", line 680, in _load_unlocked
  File "<frozen importlib._bootstrap_external>", line 850, in exec_module
  File "<frozen importlib._bootstrap>", line 228, in _call_with_frames_removed
  File "/app/backend/public_api.py", line 17, in <module>
    from main import (
ModuleNotFoundError: No module named 'main'
[2025-06-08 13:32:12 +0000] [10] [INFO] Worker exiting (pid: 10)
[2025-06-08 13:32:12 +0000] [1] [ERROR] Worker (pid:9) exited with code 3
[2025-06-08 13:32:12 +0000] [1] [ERROR] Worker (pid:10) was sent SIGTERM!
[2025-06-08 13:32:12 +0000] [1] [ERROR] Shutting down: Master
[2025-06-08 13:32:12 +0000] [1] [ERROR] Reason: Worker failed to boot.
[2025-06-11 03:26:19 +0000] [1] [INFO] Starting gunicorn 23.0.0
[2025-06-11 03:26:19 +0000] [1] [INFO] Listening at: http://0.0.0.0:8000 (1)
[2025-06-11 03:26:19 +0000] [1] [INFO] Using worker: uvicorn.workers.UvicornWorker
[2025-06-11 03:26:19 +0000] [9] [INFO] Booting worker with pid: 9
[2025-06-11 03:26:19 +0000] [10] [INFO] Booting worker with pid: 10
[2025-06-11 03:26:21 +0000] [10] [INFO] Started server process [10]
[2025-06-11 03:26:21 +0000] [9] [INFO] Started server process [9]
[2025-06-11 03:26:21 +0000] [10] [INFO] Waiting for application startup.
[2025-06-11 03:26:21 +0000] [9] [INFO] Waiting for application startup.
[2025-06-11 03:26:32 +0000] [9] [INFO] Application startup complete.
[2025-06-11 03:26:32 +0000] [10] [ERROR] Traceback (most recent call last):
  File "/usr/local/lib/python3.9/site-packages/starlette/routing.py", line 677, in lifespan
    async with self.lifespan_context(app) as maybe_state:
  File "/usr/local/lib/python3.9/site-packages/starlette/routing.py", line 566, in __aenter__
    await self._router.startup()
  File "/usr/local/lib/python3.9/site-packages/starlette/routing.py", line 654, in startup
    await handler()
  File "/app/backend/main.py", line 280, in startup_event
    initialize_rag_system()
  File "/app/backend/main.py", line 275, in initialize_rag_system
    raise e
  File "/app/backend/main.py", line 255, in initialize_rag_system
    vectorstore = Chroma(
  File "/usr/local/lib/python3.9/site-packages/langchain_chroma/vectorstores.py", line 327, in __init__
    self._client = chromadb.Client(_client_settings)
  File "/usr/local/lib/python3.9/site-packages/chromadb/__init__.py", line 334, in Client
    return ClientCreator(tenant=tenant, database=database, settings=settings)
  File "/usr/local/lib/python3.9/site-packages/chromadb/api/client.py", line 58, in __init__
    super().__init__(settings=settings)
  File "/usr/local/lib/python3.9/site-packages/chromadb/api/shared_system_client.py", line 19, in __init__
    SharedSystemClient._create_system_if_not_exists(self._identifier, settings)
  File "/usr/local/lib/python3.9/site-packages/chromadb/api/shared_system_client.py", line 32, in _create_system_if_not_exists
    new_system.start()
  File "/usr/local/lib/python3.9/site-packages/chromadb/config.py", line 444, in start
    component.start()
  File "/usr/local/lib/python3.9/site-packages/chromadb/telemetry/opentelemetry/__init__.py", line 150, in wrapper
    return f(*args, **kwargs)
  File "/usr/local/lib/python3.9/site-packages/chromadb/db/impl/sqlite.py", line 104, in start
    self.initialize_migrations()
  File "/usr/local/lib/python3.9/site-packages/chromadb/db/migrations.py", line 140, in initialize_migrations
    self.apply_migrations()
  File "/usr/local/lib/python3.9/site-packages/chromadb/telemetry/opentelemetry/__init__.py", line 150, in wrapper
    return f(*args, **kwargs)
  File "/usr/local/lib/python3.9/site-packages/chromadb/db/migrations.py", line 178, in apply_migrations
    self.apply_migration(cur, migration)
  File "/usr/local/lib/python3.9/site-packages/chromadb/db/impl/sqlite.py", line 233, in apply_migration
    cur.executescript(migration["sql"])
sqlite3.OperationalError: table embeddings_queue already exists

[2025-06-11 03:26:32 +0000] [10] [ERROR] Application startup failed. Exiting.
[2025-06-11 03:26:32 +0000] [10] [INFO] Worker exiting (pid: 10)
[2025-06-11 03:26:32 +0000] [1] [ERROR] Worker (pid:10) exited with code 3
[2025-06-11 03:26:32 +0000] [9] [INFO] Shutting down
[2025-06-11 03:26:32 +0000] [9] [INFO] Error while closing socket [Errno 9] Bad file descriptor
[2025-06-11 03:26:32 +0000] [9] [INFO] Waiting for application shutdown.
[2025-06-11 03:26:32 +0000] [9] [INFO] Application shutdown complete.
[2025-06-11 03:26:32 +0000] [9] [INFO] Finished server process [9]
[2025-06-11 03:26:32 +0000] [9] [INFO] Worker exiting (pid: 9)
[2025-06-11 03:26:33 +0000] [1] [ERROR] Shutting down: Master
[2025-06-11 03:26:33 +0000] [1] [ERROR] Reason: Worker failed to boot.
[2025-06-11 03:26:34 +0000] [1] [INFO] Starting gunicorn 23.0.0
[2025-06-11 03:26:34 +0000] [1] [INFO] Listening at: http://0.0.0.0:8000 (1)
[2025-06-11 03:26:34 +0000] [1] [INFO] Using worker: uvicorn.workers.UvicornWorker
[2025-06-11 03:26:34 +0000] [9] [INFO] Booting worker with pid: 9
[2025-06-11 03:26:34 +0000] [10] [INFO] Booting worker with pid: 10
[2025-06-11 03:26:36 +0000] [9] [INFO] Started server process [9]
[2025-06-11 03:26:36 +0000] [9] [INFO] Waiting for application startup.
[2025-06-11 03:26:36 +0000] [10] [INFO] Started server process [10]
[2025-06-11 03:26:36 +0000] [10] [INFO] Waiting for application startup.
[2025-06-11 03:26:46 +0000] [9] [INFO] Application startup complete.
[2025-06-11 03:26:46 +0000] [10] [INFO] Application startup complete.
[2025-06-11 03:43:36 +0000] [1] [INFO] Handling signal: term
[2025-06-11 03:43:36 +0000] [10] [INFO] Shutting down
[2025-06-11 03:43:36 +0000] [9] [INFO] Shutting down
[2025-06-11 03:43:36 +0000] [10] [INFO] Error while closing socket [Errno 9] Bad file descriptor
[2025-06-11 03:43:36 +0000] [9] [INFO] Error while closing socket [Errno 9] Bad file descriptor
[2025-06-11 03:43:36 +0000] [10] [INFO] Waiting for application shutdown.
[2025-06-11 03:43:36 +0000] [9] [INFO] Waiting for application shutdown.
[2025-06-11 03:43:36 +0000] [10] [INFO] Application shutdown complete.
[2025-06-11 03:43:36 +0000] [9] [INFO] Application shutdown complete.
[2025-06-11 03:43:36 +0000] [10] [INFO] Finished server process [10]
[2025-06-11 03:43:36 +0000] [9] [INFO] Finished server process [9]
[2025-06-11 03:43:36 +0000] [9] [INFO] Worker exiting (pid: 9)
[2025-06-11 03:43:36 +0000] [10] [INFO] Worker exiting (pid: 10)
[2025-06-11 03:43:36 +0000] [1] [INFO] Shutting down: Master
[2025-06-11 03:44:07 +0000] [1] [INFO] Starting gunicorn 23.0.0
[2025-06-11 03:44:07 +0000] [1] [INFO] Listening at: http://0.0.0.0:8000 (1)
[2025-06-11 03:44:07 +0000] [1] [INFO] Using worker: uvicorn.workers.UvicornWorker
[2025-06-11 03:44:07 +0000] [9] [INFO] Booting worker with pid: 9
[2025-06-11 03:44:07 +0000] [10] [INFO] Booting worker with pid: 10
[2025-06-11 03:44:08 +0000] [10] [INFO] Started server process [10]
[2025-06-11 03:44:08 +0000] [9] [INFO] Started server process [9]
[2025-06-11 03:44:08 +0000] [10] [INFO] Waiting for application startup.
[2025-06-11 03:44:08 +0000] [9] [INFO] Waiting for application startup.
[2025-06-11 03:44:19 +0000] [9] [ERROR] Traceback (most recent call last):
  File "/usr/local/lib/python3.9/site-packages/starlette/routing.py", line 677, in lifespan
    async with self.lifespan_context(app) as maybe_state:
  File "/usr/local/lib/python3.9/site-packages/starlette/routing.py", line 566, in __aenter__
    await self._router.startup()
  File "/usr/local/lib/python3.9/site-packages/starlette/routing.py", line 654, in startup
    await handler()
  File "/app/backend/main.py", line 280, in startup_event
    initialize_rag_system()
  File "/app/backend/main.py", line 275, in initialize_rag_system
    raise e
  File "/app/backend/main.py", line 255, in initialize_rag_system
    vectorstore = Chroma(
  File "/usr/local/lib/python3.9/site-packages/langchain_chroma/vectorstores.py", line 327, in __init__
    self._client = chromadb.Client(_client_settings)
  File "/usr/local/lib/python3.9/site-packages/chromadb/__init__.py", line 334, in Client
    return ClientCreator(tenant=tenant, database=database, settings=settings)
  File "/usr/local/lib/python3.9/site-packages/chromadb/api/client.py", line 58, in __init__
    super().__init__(settings=settings)
  File "/usr/local/lib/python3.9/site-packages/chromadb/api/shared_system_client.py", line 19, in __init__
    SharedSystemClient._create_system_if_not_exists(self._identifier, settings)
  File "/usr/local/lib/python3.9/site-packages/chromadb/api/shared_system_client.py", line 32, in _create_system_if_not_exists
    new_system.start()
  File "/usr/local/lib/python3.9/site-packages/chromadb/config.py", line 444, in start
    component.start()
  File "/usr/local/lib/python3.9/site-packages/chromadb/telemetry/opentelemetry/__init__.py", line 150, in wrapper
    return f(*args, **kwargs)
  File "/usr/local/lib/python3.9/site-packages/chromadb/db/impl/sqlite.py", line 104, in start
    self.initialize_migrations()
  File "/usr/local/lib/python3.9/site-packages/chromadb/db/migrations.py", line 140, in initialize_migrations
    self.apply_migrations()
  File "/usr/local/lib/python3.9/site-packages/chromadb/telemetry/opentelemetry/__init__.py", line 150, in wrapper
    return f(*args, **kwargs)
  File "/usr/local/lib/python3.9/site-packages/chromadb/db/migrations.py", line 178, in apply_migrations
    self.apply_migration(cur, migration)
  File "/usr/local/lib/python3.9/site-packages/chromadb/db/impl/sqlite.py", line 233, in apply_migration
    cur.executescript(migration["sql"])
sqlite3.OperationalError: table embeddings_queue already exists

[2025-06-11 03:44:19 +0000] [9] [ERROR] Application startup failed. Exiting.
[2025-06-11 03:44:19 +0000] [9] [INFO] Worker exiting (pid: 9)
[2025-06-11 03:44:19 +0000] [10] [INFO] Application startup complete.
[2025-06-11 03:44:19 +0000] [1] [ERROR] Worker (pid:9) exited with code 3
[2025-06-11 03:44:19 +0000] [10] [INFO] Shutting down
[2025-06-11 03:44:19 +0000] [10] [INFO] Error while closing socket [Errno 9] Bad file descriptor
[2025-06-11 03:44:19 +0000] [10] [INFO] Waiting for application shutdown.
[2025-06-11 03:44:19 +0000] [10] [INFO] Application shutdown complete.
[2025-06-11 03:44:19 +0000] [10] [INFO] Finished server process [10]
[2025-06-11 03:44:19 +0000] [10] [INFO] Worker exiting (pid: 10)
[2025-06-11 03:44:20 +0000] [1] [ERROR] Shutting down: Master
[2025-06-11 03:44:20 +0000] [1] [ERROR] Reason: Worker failed to boot.
[2025-06-11 03:44:21 +0000] [1] [INFO] Starting gunicorn 23.0.0
[2025-06-11 03:44:21 +0000] [1] [INFO] Listening at: http://0.0.0.0:8000 (1)
[2025-06-11 03:44:21 +0000] [1] [INFO] Using worker: uvicorn.workers.UvicornWorker
[2025-06-11 03:44:21 +0000] [9] [INFO] Booting worker with pid: 9
[2025-06-11 03:44:21 +0000] [10] [INFO] Booting worker with pid: 10
[2025-06-11 03:44:23 +0000] [10] [INFO] Started server process [10]
[2025-06-11 03:44:23 +0000] [9] [INFO] Started server process [9]
[2025-06-11 03:44:23 +0000] [10] [INFO] Waiting for application startup.
[2025-06-11 03:44:23 +0000] [9] [INFO] Waiting for application startup.
[2025-06-11 03:44:33 +0000] [9] [INFO] Application startup complete.
[2025-06-11 03:44:33 +0000] [10] [INFO] Application startup complete.
[2025-06-11 03:55:16 +0000] [1] [INFO] Handling signal: term
[2025-06-11 03:55:17 +0000] [10] [INFO] Shutting down
[2025-06-11 03:55:17 +0000] [9] [INFO] Shutting down
[2025-06-11 03:55:17 +0000] [10] [INFO] Error while closing socket [Errno 9] Bad file descriptor
[2025-06-11 03:55:17 +0000] [9] [INFO] Error while closing socket [Errno 9] Bad file descriptor
[2025-06-11 03:55:17 +0000] [10] [INFO] Waiting for application shutdown.
[2025-06-11 03:55:17 +0000] [9] [INFO] Waiting for application shutdown.
[2025-06-11 03:55:17 +0000] [10] [INFO] Application shutdown complete.
[2025-06-11 03:55:17 +0000] [9] [INFO] Application shutdown complete.
[2025-06-11 03:55:17 +0000] [10] [INFO] Finished server process [10]
[2025-06-11 03:55:17 +0000] [9] [INFO] Finished server process [9]
[2025-06-11 03:55:17 +0000] [9] [INFO] Worker exiting (pid: 9)
[2025-06-11 03:55:17 +0000] [10] [INFO] Worker exiting (pid: 10)
[2025-06-11 03:55:17 +0000] [1] [INFO] Shutting down: Master
[2025-06-11 03:55:30 +0000] [1] [INFO] Starting gunicorn 23.0.0
[2025-06-11 03:55:30 +0000] [1] [INFO] Listening at: http://0.0.0.0:8000 (1)
[2025-06-11 03:55:30 +0000] [1] [INFO] Using worker: uvicorn.workers.UvicornWorker
[2025-06-11 03:55:30 +0000] [9] [INFO] Booting worker with pid: 9
[2025-06-11 03:55:30 +0000] [10] [INFO] Booting worker with pid: 10
[2025-06-11 03:55:32 +0000] [10] [INFO] Started server process [10]
[2025-06-11 03:55:32 +0000] [9] [INFO] Started server process [9]
[2025-06-11 03:55:32 +0000] [10] [INFO] Waiting for application startup.
[2025-06-11 03:55:32 +0000] [9] [INFO] Waiting for application startup.
[2025-06-11 03:55:32 +0000] [10] [INFO] Application startup complete.
[2025-06-11 03:55:32 +0000] [9] [INFO] Application startup complete.
[2025-06-11 03:57:44 +0000] [1] [INFO] Handling signal: term
[2025-06-11 03:57:44 +0000] [9] [INFO] Shutting down
[2025-06-11 03:57:44 +0000] [10] [INFO] Shutting down
[2025-06-11 03:57:44 +0000] [9] [INFO] Error while closing socket [Errno 9] Bad file descriptor
[2025-06-11 03:57:44 +0000] [10] [INFO] Error while closing socket [Errno 9] Bad file descriptor
[2025-06-11 03:57:45 +0000] [9] [INFO] Waiting for application shutdown.
[2025-06-11 03:57:45 +0000] [10] [INFO] Waiting for application shutdown.
[2025-06-11 03:57:45 +0000] [9] [INFO] Application shutdown complete.
[2025-06-11 03:57:45 +0000] [10] [INFO] Application shutdown complete.
[2025-06-11 03:57:45 +0000] [9] [INFO] Finished server process [9]
[2025-06-11 03:57:45 +0000] [10] [INFO] Finished server process [10]
[2025-06-11 03:57:45 +0000] [9] [INFO] Worker exiting (pid: 9)
[2025-06-11 03:57:45 +0000] [10] [INFO] Worker exiting (pid: 10)
[2025-06-11 03:57:45 +0000] [1] [INFO] Shutting down: Master
